[36mINFO[0m[2020-08-08 17:35:46.375] logger init (logger.New:logger.go:47)        
[33mWARN[0m[2020-08-08 17:35:56.309] jwt token errorno token present in request (middleware.JWT.func1:jwt.go:25) 
[31mERRO[0m[2020-08-08 17:35:56.310] 权限校验失败 (middleware.Authorizer.func1:authorizer.go:27)
goroutine 51 [running]:
runtime/debug.Stack(0x49ee9c0, 0xc0003db200, 0x1)
	/usr/local/opt/go/libexec/src/runtime/debug/stack.go:24 +0x9d
github.com/terryli1643/apidemo/libs/logger.(*Logger).logErrorPrint(0xc000010048, 0xc0002a5408, 0xc0002a5500, 0x1, 0x1)
	/Users/terry/go/src/github.com/terryli1643/apidemo/libs/logger/logger.go:112 +0x133
github.com/terryli1643/apidemo/libs/logger.(*Logger).Error(0xc000010048, 0xc0002a5500, 0x1, 0x1)
	/Users/terry/go/src/github.com/terryli1643/apidemo/libs/logger/logger.go:165 +0x6f
github.com/terryli1643/apidemo/api/bcc/middleware.Authorizer.func1(0xc00028c000)
	/Users/terry/go/src/github.com/terryli1643/apidemo/api/bcc/middleware/authorizer.go:27 +0x707
github.com/gin-gonic/gin.(*Context).Next(0xc00028c000)
	/Users/terry/go/pkg/mod/github.com/gin-gonic/gin@v1.6.3/context.go:161 +0x3b
github.com/terryli1643/apidemo/api/bcc/middleware.ConcurrentLimit.func1(0xc00028c000)
	/Users/terry/go/src/github.com/terryli1643/apidemo/api/bcc/middleware/concurrentlimit.go:66 +0x45d
github.com/gin-gonic/gin.(*Context).Next(0xc00028c000)
	/Users/terry/go/pkg/mod/github.com/gin-gonic/gin@v1.6.3/context.go:161 +0x3b
github.com/gin-gonic/gin.RecoveryWithWriter.func1(0xc00028c000)
	/Users/terry/go/pkg/mod/github.com/gin-gonic/gin@v1.6.3/recovery.go:83 +0x60
github.com/gin-gonic/gin.(*Context).Next(0xc00028c000)
	/Users/terry/go/pkg/mod/github.com/gin-gonic/gin@v1.6.3/context.go:161 +0x3b
github.com/gin-gonic/gin.LoggerWithConfig.func1(0xc00028c000)
	/Users/terry/go/pkg/mod/github.com/gin-gonic/gin@v1.6.3/logger.go:241 +0xe1
github.com/gin-gonic/gin.(*Context).Next(0xc00028c000)
	/Users/terry/go/pkg/mod/github.com/gin-gonic/gin@v1.6.3/context.go:161 +0x3b
github.com/gin-gonic/gin.serveError(0xc00028c000, 0x194, 0x529daa0, 0x12, 0x12)
	/Users/terry/go/pkg/mod/github.com/gin-gonic/gin@v1.6.3/gin.go:445 +0x38
github.com/gin-gonic/gin.(*Engine).handleHTTPRequest(0xc0000ac640, 0xc00028c000)
	/Users/terry/go/pkg/mod/github.com/gin-gonic/gin@v1.6.3/gin.go:438 +0x3d3
github.com/gin-gonic/gin.(*Engine).ServeHTTP(0xc0000ac640, 0x4c56b80, 0xc0002781c0, 0xc00009e400)
	/Users/terry/go/pkg/mod/github.com/gin-gonic/gin@v1.6.3/gin.go:367 +0x14d
net/http.serverHandler.ServeHTTP(0xc0002780e0, 0x4c56b80, 0xc0002781c0, 0xc00009e400)
	/usr/local/opt/go/libexec/src/net/http/server.go:2836 +0xa3
net/http.(*conn).serve(0xc000392960, 0x4c5d880, 0xc00041ef00)
	/usr/local/opt/go/libexec/src/net/http/server.go:1924 +0x86c
created by net/http.(*Server).Serve
	/usr/local/opt/go/libexec/src/net/http/server.go:2962 +0x35c 
